\BOOKMARK [1][-]{section.1}{Introduction}{}% 1
\BOOKMARK [2][-]{subsection.1.1}{Artificial Neural Network}{section.1}% 2
\BOOKMARK [2][-]{subsection.1.2}{Architecture}{section.1}% 3
\BOOKMARK [3][-]{subsubsection.1.2.1}{Input Layer}{subsection.1.2}% 4
\BOOKMARK [3][-]{subsubsection.1.2.2}{Hidden Layers}{subsection.1.2}% 5
\BOOKMARK [2][-]{subsection.1.3}{Activation Functions}{section.1}% 6
\BOOKMARK [2][-]{subsection.1.4}{Loss Function}{section.1}% 7
\BOOKMARK [2][-]{subsection.1.5}{Gradient Descent}{section.1}% 8
\BOOKMARK [2][-]{subsection.1.6}{Learning Rate}{section.1}% 9
\BOOKMARK [2][-]{subsection.1.7}{The role of an Optimizer in an Artificial Neural Network}{section.1}% 10
\BOOKMARK [2][-]{subsection.1.8}{Significance of problem}{section.1}% 11
\BOOKMARK [2][-]{subsection.1.9}{Organization of the rest of the paper}{section.1}% 12
\BOOKMARK [1][-]{section.2}{Literature Survey}{}% 13
\BOOKMARK [1][-]{section.3}{Methodology}{}% 14
\BOOKMARK [2][-]{subsection.3.1}{Dataset}{section.3}% 15
\BOOKMARK [2][-]{subsection.3.2}{Performance Metrics}{section.3}% 16
\BOOKMARK [2][-]{subsection.3.3}{Momentum}{section.3}% 17
\BOOKMARK [2][-]{subsection.3.4}{Learning Process Algorithms}{section.3}% 18
\BOOKMARK [3][-]{subsubsection.3.4.1}{Learning Process With SGD}{subsection.3.4}% 19
\BOOKMARK [3][-]{subsubsection.3.4.2}{SGD with Momentum}{subsection.3.4}% 20
\BOOKMARK [2][-]{subsection.3.5}{Learning rate schedules}{section.3}% 21
\BOOKMARK [3][-]{subsubsection.3.5.1}{Search-Then-Converge}{subsection.3.5}% 22
\BOOKMARK [3][-]{subsubsection.3.5.2}{Cyclical Learning Rates}{subsection.3.5}% 23
\BOOKMARK [2][-]{subsection.3.6}{Adaptive Learning Rate Optimizers}{section.3}% 24
\BOOKMARK [3][-]{subsubsection.3.6.1}{Adaptive Gradient Method}{subsection.3.6}% 25
\BOOKMARK [3][-]{subsubsection.3.6.2}{RMSProp}{subsection.3.6}% 26
\BOOKMARK [3][-]{subsubsection.3.6.3}{Adam}{subsection.3.6}% 27
\BOOKMARK [2][-]{subsection.3.7}{Contrast with previous work}{section.3}% 28
\BOOKMARK [1][-]{section.4}{Analytic results used}{}% 29
\BOOKMARK [2][-]{subsection.4.1}{ADAGRAD and RMSProp}{section.4}% 30
\BOOKMARK [3][-]{subsubsection.4.1.1}{Derivation}{subsection.4.1}% 31
\BOOKMARK [3][-]{subsubsection.4.1.2}{Analysis}{subsection.4.1}% 32
\BOOKMARK [2][-]{subsection.4.2}{Adam}{section.4}% 33
\BOOKMARK [3][-]{subsubsection.4.2.1}{Derivation}{subsection.4.2}% 34
\BOOKMARK [3][-]{subsubsection.4.2.2}{Analysis}{subsection.4.2}% 35
\BOOKMARK [1][-]{section.5}{Experimental Setup and Computational Model}{}% 36
\BOOKMARK [2][-]{subsection.5.1}{Experimental Setup}{section.5}% 37
\BOOKMARK [2][-]{subsection.5.2}{Computational Environment}{section.5}% 38
\BOOKMARK [3][-]{subsubsection.5.2.1}{Hardware Specification}{subsection.5.2}% 39
\BOOKMARK [2][-]{subsection.5.3}{Computational Model}{section.5}% 40
\BOOKMARK [3][-]{subsubsection.5.3.1}{Software and Versions}{subsection.5.3}% 41
\BOOKMARK [2][-]{subsection.5.4}{Data Sources}{section.5}% 42
\BOOKMARK [2][-]{subsection.5.5}{Software Engineering practices and Public Accessibility}{section.5}% 43
\BOOKMARK [1][-]{section.6}{Results}{}% 44
\BOOKMARK [2][-]{subsection.6.1}{Training Accuracy versus Iteration}{section.6}% 45
\BOOKMARK [2][-]{subsection.6.2}{Training Loss versus Iteration}{section.6}% 46
\BOOKMARK [2][-]{subsection.6.3}{Test Accuracy versus Iteration}{section.6}% 47
\BOOKMARK [3][-]{subsubsection.6.3.1}{Table}{subsection.6.3}% 48
\BOOKMARK [3][-]{subsubsection.6.3.2}{Plot}{subsection.6.3}% 49
\BOOKMARK [2][-]{subsection.6.4}{Test Loss versus Iteration}{section.6}% 50
\BOOKMARK [3][-]{subsubsection.6.4.1}{Table}{subsection.6.4}% 51
\BOOKMARK [3][-]{subsubsection.6.4.2}{Plot}{subsection.6.4}% 52
\BOOKMARK [1][-]{section.7}{Analysis of results}{}% 53
\BOOKMARK [2][-]{subsection.7.1}{Momentum}{section.7}% 54
\BOOKMARK [2][-]{subsection.7.2}{Search-then-Converge}{section.7}% 55
\BOOKMARK [2][-]{subsection.7.3}{Cyclical Learning Rates}{section.7}% 56
\BOOKMARK [2][-]{subsection.7.4}{ADAGRAD}{section.7}% 57
\BOOKMARK [2][-]{subsection.7.5}{RMSProp}{section.7}% 58
\BOOKMARK [2][-]{subsection.7.6}{Adam}{section.7}% 59
\BOOKMARK [1][-]{section.8}{Conclusion}{}% 60
\BOOKMARK [1][-]{section.9}{References}{}% 61
