\BOOKMARK [1][-]{section.1}{Introduction}{}% 1
\BOOKMARK [1][-]{section.2}{Literature Survey}{}% 2
\BOOKMARK [1][-]{section.3}{Methodology}{}% 3
\BOOKMARK [2][-]{subsection.3.1}{Methodology-I}{section.3}% 4
\BOOKMARK [3][-]{subsubsection.3.1.1}{Detailed Concepts}{subsection.3.1}% 5
\BOOKMARK [3][-]{subsubsection.3.1.2}{Dataset}{subsection.3.1}% 6
\BOOKMARK [3][-]{subsubsection.3.1.3}{Architecture}{subsection.3.1}% 7
\BOOKMARK [3][-]{subsubsection.3.1.4}{Learning Process Algorithms}{subsection.3.1}% 8
\BOOKMARK [3][-]{subsubsection.3.1.5}{Learning rate schedules}{subsection.3.1}% 9
\BOOKMARK [2][-]{subsection.3.2}{Methodology-II}{section.3}% 10
\BOOKMARK [3][-]{subsubsection.3.2.1}{Adaptive Learning Rate Optimizers}{subsection.3.2}% 11
\BOOKMARK [3][-]{subsubsection.3.2.2}{Contrast with previous work}{subsection.3.2}% 12
\BOOKMARK [1][-]{section.4}{Analytic Results to be used}{}% 13
\BOOKMARK [2][-]{subsection.4.1}{ADAGRAD and RMSProp}{section.4}% 14
\BOOKMARK [3][-]{subsubsection.4.1.1}{Derivation}{subsection.4.1}% 15
\BOOKMARK [3][-]{subsubsection.4.1.2}{Analysis}{subsection.4.1}% 16
\BOOKMARK [2][-]{subsection.4.2}{Adam}{section.4}% 17
\BOOKMARK [3][-]{subsubsection.4.2.1}{Derivation}{subsection.4.2}% 18
\BOOKMARK [3][-]{subsubsection.4.2.2}{Analysis}{subsection.4.2}% 19
\BOOKMARK [1][-]{section.5}{Experimental Setup and Computational Model}{}% 20
\BOOKMARK [2][-]{subsection.5.1}{Computational Environment}{section.5}% 21
\BOOKMARK [3][-]{subsubsection.5.1.1}{Hardware Specification}{subsection.5.1}% 22
\BOOKMARK [2][-]{subsection.5.2}{Computational Model}{section.5}% 23
\BOOKMARK [3][-]{subsubsection.5.2.1}{Software and Versions}{subsection.5.2}% 24
\BOOKMARK [2][-]{subsection.5.3}{Data Sources}{section.5}% 25
\BOOKMARK [1][-]{section.6}{Preliminary Results}{}% 26
\BOOKMARK [1][-]{section.7}{Further Work to be completed}{}% 27
\BOOKMARK [1][-]{section.8}{Validation, Expected Results and Exceptions}{}% 28
\BOOKMARK [1][-]{section.9}{Summary}{}% 29
\BOOKMARK [1][-]{section.10}{References}{}% 30
\BOOKMARK [1][-]{section.11}{Appendices}{}% 31
